[ 21:06:37 - 03/01/2025 ] - Thread ID 140244439529216 Criada pelo ClienteID 1 Vou tratar de verificar a casa 1:1 com o valor 1
[ 21:06:37 - 03/01/2025 ] - Thread ID 140244431136512 Criada pelo ClienteID 1 Vou tratar de verificar a casa 1:1 com o valor 1
[ 21:06:37 - 03/01/2025 ] - Thread ID 140244439529216 | Cliente ID 1 enviou a Casa 1:1 com valor 1 incorreto
[ 21:06:37 - 03/01/2025 ] - Thread ID 140244431136512 | Cliente ID 1 enviou a Casa 1:1 com valor 1 incorreto
[ 21:06:37 - 03/01/2025 ] - Thread ID 140244422743808 Criada pelo ClienteID 1 Vou tratar de verificar a casa 1:1 com o valor 1
[ 21:06:37 - 03/01/2025 ] - Thread ID 140244414351104 Criada pelo ClienteID 1 Vou tratar de verificar a casa 1:2 com o valor 3
[ 21:06:37 - 03/01/2025 ] - Thread ID 140244422743808 | Cliente ID 1 enviou a Casa 1:1 com valor 1 incorreto
[ 21:06:37 - 03/01/2025 ] - Thread ID 140244405958400 Criada pelo ClienteID 1 Vou tratar de verificar a casa 1:3 com o valor 4
[ 21:06:37 - 03/01/2025 ] - Thread ID 140244414351104 | Cliente ID 1 enviou a Casa 1:2 com valor 3 incorreto
[ 21:06:37 - 03/01/2025 ] - Thread ID 140244405958400 | Cliente ID 1 enviou a Casa 1:3 com valor 4 incorreto
[ 21:06:37 - 03/01/2025 ] - Thread ID 140244439529216 Criada pelo ClienteID 0 Vou tratar de verificar a casa 1:4 com o valor 5
[ 21:06:37 - 03/01/2025 ] - Thread ID 140244414351104 Criada pelo ClienteID 0 Vou tratar de verificar a casa 1:5 com o valor 7
[ 21:06:37 - 03/01/2025 ] - Thread ID 140244405958400 Criada pelo ClienteID 0 Vou tratar de verificar a casa 1:3 com o valor 6
[ 21:06:37 - 03/01/2025 ] - Thread ID 140244414351104 | Cliente ID 0 enviou a Casa 1:5 com valor 7 incorreto
[ 21:06:37 - 03/01/2025 ] - Thread ID 140244422743808 Criada pelo ClienteID 0 Vou tratar de verificar a casa 1:5 com o valor 2
[ 21:06:37 - 03/01/2025 ] - Thread ID 140244405958400 | Cliente ID 0 enviou a Casa 1:3 com valor 6 incorreto
[ 21:06:37 - 03/01/2025 ] - Thread ID 140244422743808 | Cliente ID 0 enviou a Casa 1:5 com valor 2 incorreto
[ 21:06:45 - 03/01/2025 ] - Thread ID 140244439529216 | Cliente ID 0 enviou a Casa 1:4 preenchida por alguem 

[ 21:07:35 - 03/01/2025 ] - Thread ID 140244439529216 Criada pelo ClienteID 1 Vou tratar de verificar a casa 1:1 com o valor 1
[ 21:07:35 - 03/01/2025 ] - Thread ID 140244439529216 | Cliente ID 1 enviou a Casa 1:1 com valor 1 incorreto
[ 21:07:42 - 03/01/2025 ] - Thread ID 140244439529216 Criada pelo ClienteID 1 Vou tratar de verificar a casa 1:1 com o valor 1
[ 21:07:42 - 03/01/2025 ] - Thread ID 140244439529216 | Cliente ID 1 enviou a Casa 1:1 com valor 1 incorreto
[ 21:07:50 - 03/01/2025 ] - Thread ID 140244439529216 Criada pelo ClienteID 1 Vou tratar de verificar a casa 1:1 com o valor 1
[ 21:07:50 - 03/01/2025 ] - Thread ID 140244439529216 | Cliente ID 1 enviou a Casa 1:1 com valor 1 incorreto
[ 21:07:52 - 03/01/2025 ] - Thread ID 140244439529216 Criada pelo ClienteID 1 Vou tratar de verificar a casa 1:1 com o valor 1
[ 21:07:52 - 03/01/2025 ] - Thread ID 140244439529216 | Cliente ID 1 enviou a Casa 1:1 com valor 1 incorreto
[ 21:07:54 - 03/01/2025 ] - Thread ID 140244439529216 Criada pelo ClienteID 0 Vou tratar de verificar a casa 1:1 com o valor 1
[ 21:07:54 - 03/01/2025 ] - Thread ID 140244439529216 | Cliente ID 0 enviou a Casa 1:1 com valor 1 incorreto
[ 21:08:01 - 03/01/2025 ] - Thread ID 140244439529216 Criada pelo ClienteID 0 Vou tratar de verificar a casa 1:1 com o valor 1
[ 21:08:01 - 03/01/2025 ] - Thread ID 140244439529216 | Cliente ID 0 enviou a Casa 1:1 com valor 1 incorreto
[ 21:11:31 - 03/01/2025 ] - Thread ID 140244439529216 Criada pelo ClienteID 1 Vou tratar de verificar a casa 9:9 com o valor 7
[ 21:11:39 - 03/01/2025 ] - Casa 9:9 preenchida com sucesso. ClienteID: 1 Valor: 7 

[ 21:11:52 - 03/01/2025 ] - Thread ID 140244439529216 Criada pelo ClienteID 1 Vou tratar de verificar a casa 8:7 com o valor 3
[ 21:12:00 - 03/01/2025 ] - Casa 8:7 preenchida com sucesso. ClienteID: 1 Valor: 3 

[ 21:12:20 - 03/01/2025 ] - Thread ID 140244439529216 Criada pelo ClienteID 1 Vou tratar de verificar a casa 1:1 com o valor 1
[ 21:12:20 - 03/01/2025 ] - Thread ID 140244422743808 Criada pelo ClienteID 1 Vou tratar de verificar a casa 1:1 com o valor 1
[ 21:12:20 - 03/01/2025 ] - Thread ID 140244405958400 Criada pelo ClienteID 1 Vou tratar de verificar a casa 1:1 com o valor 1
[ 21:12:20 - 03/01/2025 ] - Thread ID 140244439529216 | Cliente ID 1 enviou a Casa 1:1 com valor 1 incorreto
[ 21:12:20 - 03/01/2025 ] - Thread ID 140244422743808 | Cliente ID 1 enviou a Casa 1:1 com valor 1 incorreto
[ 21:12:20 - 03/01/2025 ] - Thread ID 140244405958400 | Cliente ID 1 enviou a Casa 1:1 com valor 1 incorreto
[ 21:12:20 - 03/01/2025 ] - Thread ID 140244405958400 Criada pelo ClienteID 0 Vou tratar de verificar a casa 8:6 com o valor 5
[ 21:12:28 - 03/01/2025 ] - Casa 8:6 preenchida com sucesso. ClienteID: 0 Valor: 5 

[ 21:12:28 - 03/01/2025 ] - Jogo terminou. O tabuleiro está completo: 0 

[ 21:50:03 - 03/01/2025 ] - Leitura dos jogos efetuada do ficheiro
[ 22:27:48 - 03/01/2025 ] - Leitura dos jogos efetuada do ficheiro
[ 22:30:17 - 03/01/2025 ] - Leitura dos jogos efetuada do ficheiro
[ 22:31:37 - 03/01/2025 ] - Leitura dos jogos efetuada do ficheiro
[ 22:35:57 - 03/01/2025 ] - Leitura dos jogos efetuada do ficheiro
[ 22:37:43 - 03/01/2025 ] - Leitura dos jogos efetuada do ficheiro
[ 22:40:23 - 03/01/2025 ] - Leitura dos jogos efetuada do ficheiro
[ 22:40:51 - 03/01/2025 ] - Leitura dos jogos efetuada do ficheiro
[ 22:41:26 - 03/01/2025 ] - Leitura dos jogos efetuada do ficheiro
[ 22:44:10 - 03/01/2025 ] - Leitura dos jogos efetuada do ficheiro
[ 22:44:41 - 03/01/2025 ] - Leitura dos jogos efetuada do ficheiro
[ 22:45:00 - 03/01/2025 ] - Leitura dos jogos efetuada do ficheiro
[ 22:46:17 - 03/01/2025 ] - Leitura dos jogos efetuada do ficheiro
[ 22:46:54 - 03/01/2025 ] - Leitura dos jogos efetuada do ficheiro
[ 22:47:30 - 03/01/2025 ] - Leitura dos jogos efetuada do ficheiro
[ 22:49:00 - 03/01/2025 ] - Leitura dos jogos efetuada do ficheiro
[ 22:52:36 - 03/01/2025 ] - Leitura dos jogos efetuada do ficheiro
[ 22:53:02 - 03/01/2025 ] - Leitura dos jogos efetuada do ficheiro
[ 22:53:47 - 03/01/2025 ] - Leitura dos jogos efetuada do ficheiro
[ 22:59:51 - 03/01/2025 ] - Leitura dos jogos efetuada do ficheiro
[ 23:02:48 - 03/01/2025 ] - Leitura dos jogos efetuada do ficheiro
[ 23:03:08 - 03/01/2025 ] - Leitura dos jogos efetuada do ficheiro
[ 23:07:12 - 03/01/2025 ] - Leitura dos jogos efetuada do ficheiro
