[ 20:59:02 - 03/01/2025 ] - Cliente ID: 0 | Recebeu do servidor: kill
[ 20:59:02 - 03/01/2025 ] - Cliente ID: 1 | Recebeu do servidor: kill
[ 20:59:02 - 03/01/2025 ] - O socket foi terminado! Cliente ID: 1
[ 20:59:02 - 03/01/2025 ] - O socket foi terminado! Cliente ID: 0
[ 21:06:07 - 03/01/2025 ] - Correu tudo bem na criação do socket com o servidor. Canal de Comunicação Aberto!
[ 21:06:08 - 03/01/2025 ] - Correu tudo bem na criação do socket com o servidor. Canal de Comunicação Aberto!
[ 21:06:08 - 03/01/2025 ] - Cliente ID: 1 | Recebeu do servidor: comecou
[ 21:06:08 - 03/01/2025 ] - Cliente ID: 0 | Recebeu do servidor: comecou
[ 21:06:37 - 03/01/2025 ] - Cliente ID: 1 | Enviei para o servidor a(s) casa(s): 1:1:1,1:1:1,1:1:1,1:2:3,1:3:4
[ 21:06:37 - 03/01/2025 ] - Cliente ID: 1 | Recebeu do servidor: Casa 1:1 com valor 1 incorreto
[ 21:06:37 - 03/01/2025 ] - Cliente ID: 1 | Recebeu do servidor: Casa 1:1 com valor 1 incorreto
[ 21:06:37 - 03/01/2025 ] - Cliente ID: 1 | Recebeu do servidor: Casa 1:1 com valor 1 incorreto
[ 21:06:37 - 03/01/2025 ] - Cliente ID: 1 | Recebeu do servidor: Casa 1:3 com valor 4 incorreto
[ 21:06:37 - 03/01/2025 ] - Cliente ID: 1 | Recebeu do servidor: Casa 1:2 com valor 3 incorreto
[ 21:06:37 - 03/01/2025 ] - Cliente ID: 0 | Enviei para o servidor a(s) casa(s): 1:4:5,1:5:7,1:3:6,1:5:2
[ 21:06:37 - 03/01/2025 ] - Cliente ID: 0 | Recebeu do servidor: Casa 1:5 com valor 7 incorreto
[ 21:06:37 - 03/01/2025 ] - Cliente ID: 0 | Recebeu do servidor: Casa 1:3 com valor 6 incorreto
[ 21:06:37 - 03/01/2025 ] - Cliente ID: 0 | Recebeu do servidor: Casa 1:5 com valor 2 incorreto
[ 21:06:45 - 03/01/2025 ] - Cliente ID: 0 | Recebeu do servidor: Casa 1:4 ja preenchida por alguem. Este ClienteID: 0 tentou preencher! Valor: 5 
[ 21:07:35 - 03/01/2025 ] - Cliente ID: 1 | Enviei para o servidor a(s) casa(s): 1:1:1
[ 21:07:35 - 03/01/2025 ] - Cliente ID: 1 | Recebeu do servidor: Casa 1:1 com valor 1 incorreto
[ 21:07:42 - 03/01/2025 ] - Cliente ID: 1 | Enviei para o servidor a(s) casa(s): 1:1:1
[ 21:07:42 - 03/01/2025 ] - Cliente ID: 1 | Recebeu do servidor: Casa 1:1 com valor 1 incorreto
[ 21:07:50 - 03/01/2025 ] - Cliente ID: 1 | Enviei para o servidor a(s) casa(s): 1:1:1
[ 21:07:50 - 03/01/2025 ] - Cliente ID: 1 | Recebeu do servidor: Casa 1:1 com valor 1 incorreto
[ 21:07:52 - 03/01/2025 ] - Cliente ID: 1 | Enviei para o servidor a(s) casa(s): 1:1:1
[ 21:07:52 - 03/01/2025 ] - Cliente ID: 1 | Recebeu do servidor: Casa 1:1 com valor 1 incorreto
[ 21:07:54 - 03/01/2025 ] - Cliente ID: 0 | Enviei para o servidor a(s) casa(s): 1:1:1
[ 21:07:54 - 03/01/2025 ] - Cliente ID: 0 | Recebeu do servidor: Casa 1:1 com valor 1 incorreto
[ 21:08:01 - 03/01/2025 ] - Cliente ID: 0 | Enviei para o servidor a(s) casa(s): 1:1:1
[ 21:08:01 - 03/01/2025 ] - Cliente ID: 0 | Recebeu do servidor: Casa 1:1 com valor 1 incorreto
[ 21:11:31 - 03/01/2025 ] - Cliente ID: 1 | Enviei para o servidor a(s) casa(s): 9:9:7
[ 21:11:39 - 03/01/2025 ] - Cliente ID: 1 | Recebeu do servidor: Casa 9:9 preenchida com sucesso. ClienteID: 1 Valor: 7 
[ 21:11:52 - 03/01/2025 ] - Cliente ID: 1 | Enviei para o servidor a(s) casa(s): 8:7:3
[ 21:12:00 - 03/01/2025 ] - Cliente ID: 1 | Recebeu do servidor: Casa 8:7 preenchida com sucesso. ClienteID: 1 Valor: 3 
[ 21:12:20 - 03/01/2025 ] - Cliente ID: 1 | Enviei para o servidor a(s) casa(s): 1:1:1,1:1:1,1:1:1
[ 21:12:20 - 03/01/2025 ] - Cliente ID: 1 | Recebeu do servidor: Casa 1:1 com valor 1 incorreto
[ 21:12:20 - 03/01/2025 ] - Cliente ID: 1 | Recebeu do servidor: Casa 1:1 com valor 1 incorreto
[ 21:12:20 - 03/01/2025 ] - Cliente ID: 1 | Recebeu do servidor: Casa 1:1 com valor 1 incorreto
[ 21:12:20 - 03/01/2025 ] - Cliente ID: 0 | Enviei para o servidor a(s) casa(s): 8:6:5
[ 21:12:28 - 03/01/2025 ] - Cliente ID: 0 | Recebeu do servidor: Casa 8:6 preenchida com sucesso. ClienteID: 0 Valor: 5 
[ 21:12:28 - 03/01/2025 ] - Cliente ID: 0 | Recebeu do servidor: Jogo terminou. O tabuleiro está completo: 0 
[ 21:12:28 - 03/01/2025 ] - Cliente ID: 0 | Recebeu do servidor: JA EXISTE VENCEDOR
[ 21:12:28 - 03/01/2025 ] - Cliente ID: 1 | Recebeu do servidor: JA EXISTE VENCEDOR
[ 21:12:28 - 03/01/2025 ] - Cliente ID: 0 | Recebeu do servidor: kill
[ 21:12:28 - 03/01/2025 ] - Cliente ID: 1 | Recebeu do servidor: kill
[ 21:21:41 - 03/01/2025 ] - Cliente ID: 1 | Recebeu do servidor: kill
[ 21:21:41 - 03/01/2025 ] - Cliente ID: 0 | Recebeu do servidor: kill
[ 21:21:41 - 03/01/2025 ] - O socket foi terminado! Cliente ID: 1
[ 21:21:41 - 03/01/2025 ] - O socket foi terminado! Cliente ID: 0
